<?xml version="1.0" encoding="UTF-8"?>
<!-- Generated by org.testng.reporters.JUnitReportReporter -->
<testsuite hostname="LAPTOP-JC98PK94" failures="0" tests="3" name="Com.SeleniumpracticeKp.Testclasses.PIMfunctionality" time="58.670" errors="0" timestamp="2022-04-21T11:50:08 IST" skipped="0">
  <testcase classname="Com.SeleniumpracticeKp.Testclasses.PIMfunctionality" name="PIMfunction" time="22.885"/>
  <system-out/>
  <testcase classname="Com.SeleniumpracticeKp.Testclasses.PIMfunctionality" name="PIMfunction" time="14.662"/>
  <system-out/>
  <testcase classname="Com.SeleniumpracticeKp.Testclasses.PIMfunctionality" name="Adminfunction" time="21.123"/>
  <system-out/>
</testsuite> <!-- Com.SeleniumpracticeKp.Testclasses.PIMfunctionality -->
