<?xml version="1.0" encoding="UTF-8"?>
<!-- Generated by org.testng.reporters.JUnitReportReporter -->
<testsuite hostname="LAPTOP-JC98PK94" failures="0" tests="1" name="Com.SeleniumpracticeKp.Testclasses.Loginpast" time="7.368" errors="0" timestamp="2022-04-20T14:43:50 IST" skipped="0">
  <testcase classname="Com.SeleniumpracticeKp.Testclasses.Loginpast" name="Loginfuncationality" time="7.368"/>
  <system-out/>
</testsuite> <!-- Com.SeleniumpracticeKp.Testclasses.Loginpast -->
