<?xml version="1.0" encoding="UTF-8"?>
<!-- Generated by org.testng.reporters.JUnitReportReporter -->
<testsuite hostname="LAPTOP-JC98PK94" failures="0" tests="1" name="Com.SeleniumpracticeKp.Testclasses.ORGlogin" time="19.167" errors="0" timestamp="2022-04-21T11:50:08 IST" skipped="0">
  <testcase classname="Com.SeleniumpracticeKp.Testclasses.ORGlogin" name="Logingpage" time="19.167"/>
  <system-out/>
</testsuite> <!-- Com.SeleniumpracticeKp.Testclasses.ORGlogin -->
