<?xml version="1.0" encoding="UTF-8"?>
<!-- Generated by org.testng.reporters.JUnitReportReporter -->
<testsuite hostname="LAPTOP-JC98PK94" failures="0" tests="2" name="Com.SeleniumpracticeKp.Testclasses.Burgermenurtest" time="20.088" errors="0" timestamp="2022-04-20T14:43:50 IST" skipped="0">
  <testcase classname="Com.SeleniumpracticeKp.Testclasses.Burgermenurtest" name="burgermenu" time="12.470"/>
  <system-out/>
  <testcase classname="Com.SeleniumpracticeKp.Testclasses.Burgermenurtest" name="filter" time="7.618"/>
  <system-out/>
</testsuite> <!-- Com.SeleniumpracticeKp.Testclasses.Burgermenurtest -->
